<?xml version="1.0" encoding="UTF-8"?>
<!-- Generated by org.testng.reporters.JUnitReportReporter -->
<testsuite hostname="HPEliteBook" failures="0" tests="4" name="BusyQA.Tests.LoginTestCases" time="42.361" errors="0" timestamp="2025-01-07T21:30:29 EST" skipped="0">
  <testcase classname="BusyQA.Tests.LoginTestCases" name="TC3" time="11.623"/>
  <testcase classname="BusyQA.Tests.LoginTestCases" name="TC1" time="10.290"/>
  <testcase classname="BusyQA.Tests.LoginTestCases" name="TC2" time="10.517"/>
  <testcase classname="BusyQA.Tests.LoginTestCases" name="TC4" time="9.931"/>
</testsuite> <!-- BusyQA.Tests.LoginTestCases -->
