<?xml version="1.0" encoding="UTF-8"?>
<!-- Generated by org.testng.reporters.JUnitReportReporter -->
<testsuite hostname="HPEliteBook" failures="0" tests="4" name="BusyQA.Tests.LoginTestCases" time="44.371" errors="0" timestamp="2025-01-07T21:50:46 EST" skipped="0">
  <testcase classname="BusyQA.Tests.LoginTestCases" name="TC2" time="12.776"/>
  <testcase classname="BusyQA.Tests.LoginTestCases" name="TC3" time="9.864"/>
  <testcase classname="BusyQA.Tests.LoginTestCases" name="TC1" time="9.737"/>
  <testcase classname="BusyQA.Tests.LoginTestCases" name="TC4" time="11.994"/>
</testsuite> <!-- BusyQA.Tests.LoginTestCases -->
