<?xml version="1.0" encoding="UTF-8"?>
<!-- Generated by org.testng.reporters.JUnitReportReporter -->
<testsuite hostname="HPEliteBook" failures="0" tests="4" name="BusyQA.Tests.LoginTestCases" time="48.038" errors="0" timestamp="2025-01-09T14:48:43 EST" skipped="0">
  <testcase classname="BusyQA.Tests.LoginTestCases" name="TC2" time="13.449"/>
  <testcase classname="BusyQA.Tests.LoginTestCases" name="TC3" time="10.605"/>
  <testcase classname="BusyQA.Tests.LoginTestCases" name="TC1" time="10.613"/>
  <testcase classname="BusyQA.Tests.LoginTestCases" name="TC4" time="13.371"/>
</testsuite> <!-- BusyQA.Tests.LoginTestCases -->
