<?xml version="1.0" encoding="UTF-8"?>
<!-- Generated by org.testng.reporters.JUnitReportReporter -->
<testsuite hostname="HPEliteBook" failures="0" tests="1" name="BusyQA.Module3_Assignments.BasicSeleniumCode" time="10.397" errors="0" timestamp="2025-01-07T12:10:09 EST" skipped="0">
  <testcase classname="BusyQA.Module3_Assignments.BasicSeleniumCode" name="loginFunction" time="10.397"/>
</testsuite> <!-- BusyQA.Module3_Assignments.BasicSeleniumCode -->
